#
# There is insufficient memory for the Java Runtime Environment to continue.
# Native memory allocation (malloc) failed to allocate 196496 bytes for Chunk::new
# Possible reasons:
#   The system is out of physical RAM or swap space
#   The process is running with CompressedOops enabled, and the Java Heap may be blocking the growth of the native heap
# Possible solutions:
#   Reduce memory load on the system
#   Increase physical memory or swap space
#   Check if swap backing store is full
#   Decrease Java heap size (-Xmx/-Xms)
#   Decrease number of Java threads
#   Decrease Java thread stack sizes (-Xss)
#   Set larger code cache with -XX:ReservedCodeCacheSize=
#   JVM is running with Unscaled Compressed Oops mode in which the Java heap is
#     placed in the first 4GB address space. The Java Heap base address is the
#     maximum limit for the native heap growth. Please use -XX:HeapBaseMinAddress
#     to set the Java Heap base and to place the Java Heap above 4GB virtual address.
# This output file may be truncated or incomplete.
#
#  Out of Memory Error (./src/hotspot/share/memory/arena.cpp:195), pid=114164, tid=134860
#
# JRE version: OpenJDK Runtime Environment AdoptOpenJDK (14.0.2+12) (build 14.0.2+12)
# Java VM: OpenJDK 64-Bit Server VM AdoptOpenJDK (14.0.2+12, mixed mode, sharing, tiered, compressed oops, parallel gc, windows-amd64)
# No core dump will be written. Minidumps are not enabled by default on client versions of Windows
#

---------------  S U M M A R Y ------------

Command Line: --add-modules=ALL-SYSTEM --add-opens=java.base/java.util=ALL-UNNAMED --add-opens=java.base/java.lang=ALL-UNNAMED -Declipse.application=org.eclipse.jdt.ls.core.id1 -Dosgi.bundles.defaultStartLevel=4 -Declipse.product=org.eclipse.jdt.ls.core.product -Dfile.encoding=utf8 -DwatchParentProcess=false -XX:+UseParallelGC -XX:GCTimeRatio=4 -XX:AdaptiveSizePolicyWeight=90 -Dsun.zip.disableMemoryMapping=true -Xmx1G -Xms100m c:\Users\robin\.vscode\extensions\redhat.java-0.70.0\server\plugins\org.eclipse.equinox.launcher_1.6.0.v20200915-1508.jar -configuration c:\Users\robin\AppData\Roaming\Code\User\globalStorage\redhat.java\0.70.0\config_ss_win -data c:\Users\robin\AppData\Roaming\Code\User\workspaceStorage\b800300ba606232d804c8d21722b2d4c\redhat.java\ss_ws

Host: Intel(R) Core(TM) i3-3227U CPU @ 1.90GHz, 4 cores, 3G,  Windows 10 , 64 bit Build 19041 (10.0.19041.546)
Time: Tue Nov 10 22:54:53 2020 Hora estándar central (México) elapsed time: 1 seconds (0d 0h 0m 1s)

---------------  T H R E A D  ---------------

Current thread (0x0000021e7ac11000):  JavaThread "C2 CompilerThread0" daemon [_thread_in_native, id=134860, stack(0x0000006c73600000,0x0000006c73700000)]


Current CompileTask:
C2:   1588  407       4       sun.security.provider.SHA2::implCompress0 (322 bytes)

Stack: [0x0000006c73600000,0x0000006c73700000]
Native frames: (J=compiled Java code, j=interpreted, Vv=VM code, C=native code)
V  [jvm.dll+0x5fd67a]
V  [jvm.dll+0x79785a]
V  [jvm.dll+0x79900f]
V  [jvm.dll+0x799653]
V  [jvm.dll+0x20f108]
V  [jvm.dll+0xace47]
V  [jvm.dll+0xad53c]
V  [jvm.dll+0x279514]
V  [jvm.dll+0x51033a]
V  [jvm.dll+0x1eff9a]
V  [jvm.dll+0x1e9abb]
V  [jvm.dll+0x1e6d58]
V  [jvm.dll+0x179d0c]
V  [jvm.dll+0x1f5f55]
V  [jvm.dll+0x1f413b]
V  [jvm.dll+0x75c3ad]
V  [jvm.dll+0x7551ba]
V  [jvm.dll+0x5fc4d6]
C  [ucrtbase.dll+0x214c2]
C  [KERNEL32.DLL+0x17034]
C  [ntdll.dll+0x4cec1]


---------------  P R O C E S S  ---------------

Threads class SMR info:
_java_thread_list=0x0000021e7bf116b0, length=11, elements={
0x0000021e6080d800, 0x0000021e608ea800, 0x0000021e608ec800, 0x0000021e7ac09800,
0x0000021e7ac0a800, 0x0000021e7ac0b800, 0x0000021e7ac11000, 0x0000021e7ac13000,
0x0000021e7bdb8800, 0x0000021e7be48000, 0x0000021e7bf66000
}

Java Threads: ( => current thread )
  0x0000021e6080d800 JavaThread "main" [_thread_in_native, id=134704, stack(0x0000006c72e00000,0x0000006c72f00000)]
  0x0000021e608ea800 JavaThread "Reference Handler" daemon [_thread_blocked, id=134476, stack(0x0000006c73100000,0x0000006c73200000)]
  0x0000021e608ec800 JavaThread "Finalizer" daemon [_thread_blocked, id=134988, stack(0x0000006c73200000,0x0000006c73300000)]
  0x0000021e7ac09800 JavaThread "Signal Dispatcher" daemon [_thread_blocked, id=33092, stack(0x0000006c73300000,0x0000006c73400000)]
  0x0000021e7ac0a800 JavaThread "Attach Listener" daemon [_thread_blocked, id=134844, stack(0x0000006c73400000,0x0000006c73500000)]
  0x0000021e7ac0b800 JavaThread "Service Thread" daemon [_thread_blocked, id=135064, stack(0x0000006c73500000,0x0000006c73600000)]
=>0x0000021e7ac11000 JavaThread "C2 CompilerThread0" daemon [_thread_in_native, id=134860, stack(0x0000006c73600000,0x0000006c73700000)]
  0x0000021e7ac13000 JavaThread "C1 CompilerThread0" daemon [_thread_in_native, id=134852, stack(0x0000006c73700000,0x0000006c73800000)]
  0x0000021e7bdb8800 JavaThread "Sweeper thread" daemon [_thread_blocked, id=135084, stack(0x0000006c73800000,0x0000006c73900000)]
  0x0000021e7be48000 JavaThread "Common-Cleaner" daemon [_thread_blocked, id=62856, stack(0x0000006c73900000,0x0000006c73a00000)]
  0x0000021e7bf66000 JavaThread "Notification Thread" daemon [_thread_blocked, id=134580, stack(0x0000006c73a00000,0x0000006c73b00000)]

Other Threads:
  0x0000021e7abef800 VMThread "VM Thread" [stack: 0x0000006c73000000,0x0000006c73100000] [id=133948]
  0x0000021e7bf67000 WatcherThread [stack: 0x0000006c73b00000,0x0000006c73c00000] [id=133284]
  0x0000021e60828800 GCTaskThread "GC Thread#0" [stack: 0x0000006c72f00000,0x0000006c73000000] [id=134268]

Threads with active compile tasks:
C2 CompilerThread0     1687  407       4       sun.security.provider.SHA2::implCompress0 (322 bytes)
C1 CompilerThread0     1687  429       3       java.util.StringTokenizer::scanToken (179 bytes)

VM state:not at safepoint (normal execution)

VM Mutex/Monitor currently owned by a thread: None

Heap address: 0x00000000c0000000, size: 1024 MB, Compressed Oops mode: 32-bit
Narrow klass base: 0x0000000800000000, Narrow klass shift: 3
Compressed class space size: 1073741824 Address: 0x0000000800b30000

Heap:
 PSYoungGen      total 29696K, used 4637K [0x00000000eab00000, 0x00000000ecc00000, 0x0000000100000000)
  eden space 25600K, 18% used [0x00000000eab00000,0x00000000eaf874f0,0x00000000ec400000)
  from space 4096K, 0% used [0x00000000ec800000,0x00000000ec800000,0x00000000ecc00000)
  to   space 4096K, 0% used [0x00000000ec400000,0x00000000ec400000,0x00000000ec800000)
 ParOldGen       total 68608K, used 0K [0x00000000c0000000, 0x00000000c4300000, 0x00000000eab00000)
  object space 68608K, 0% used [0x00000000c0000000,0x00000000c0000000,0x00000000c4300000)
 Metaspace       used 2536K, capacity 4684K, committed 4864K, reserved 1056768K
  class space    used 240K, capacity 413K, committed 512K, reserved 1048576K

Card table byte_map: [0x0000021e601d0000,0x0000021e603e0000] _byte_map_base: 0x0000021e5fbd0000

Marking Bits: (ParMarkBitMap*) 0x00007ff9fec9a750
 Begin Bits: [0x0000021e78290000, 0x0000021e79290000)
 End Bits:   [0x0000021e79290000, 0x0000021e7a290000)

Polling page: 0x0000021e5e7f0000

Metaspace:

Usage:
  Non-class:      4.17 MB capacity,     2.24 MB ( 54%) used,     1.93 MB ( 46%) free+waste,     2.94 KB ( <1%) overhead. 
      Class:    413.00 KB capacity,   240.60 KB ( 58%) used,   170.65 KB ( 41%) free+waste,     1.75 KB ( <1%) overhead. 
       Both:      4.57 MB capacity,     2.48 MB ( 54%) used,     2.09 MB ( 46%) free+waste,     4.69 KB ( <1%) overhead. 

Virtual space:
  Non-class space:        8.00 MB reserved,       4.25 MB ( 53%) committed 
      Class space:        1.00 GB reserved,     512.00 KB ( <1%) committed 
             Both:        1.01 GB reserved,       4.75 MB ( <1%) committed 

Chunk freelists:
   Non-Class:  17.00 KB
       Class:  0 bytes
        Both:  17.00 KB

MaxMetaspaceSize: 17179869184.00 GB
CompressedClassSpaceSize: 1.00 GB

CodeHeap 'non-profiled nmethods': size=120000Kb used=121Kb max_used=121Kb free=119878Kb
 bounds [0x0000021e70d60000, 0x0000021e70fd0000, 0x0000021e78290000]
CodeHeap 'profiled nmethods': size=120000Kb used=611Kb max_used=611Kb free=119388Kb
 bounds [0x0000021e69830000, 0x0000021e69aa0000, 0x0000021e70d60000]
CodeHeap 'non-nmethods': size=5760Kb used=1127Kb max_used=1143Kb free=4632Kb
 bounds [0x0000021e69290000, 0x0000021e69500000, 0x0000021e69830000]
 total_blobs=801 nmethods=426 adapters=290
 compilation: enabled
              stopped_count=0, restarted_count=0
 full_count=0

Compilation events (20 events):
Event: 1.500 Thread 0x0000021e7ac13000  398       3       sun.security.provider.SHA2::implCompress0 (322 bytes)
Event: 1.501 Thread 0x0000021e7ac11000 nmethod 397 0x0000021e70d7bf90 code [0x0000021e70d7c100, 0x0000021e70d7c158]
Event: 1.501 Thread 0x0000021e7ac11000  399       4       sun.security.provider.SHA2::lf_delta1 (21 bytes)
Event: 1.502 Thread 0x0000021e7ac11000 nmethod 399 0x0000021e70d7c290 code [0x0000021e70d7c400, 0x0000021e70d7c458]
Event: 1.502 Thread 0x0000021e7ac11000  400       4       sun.security.provider.SHA2::lf_delta0 (20 bytes)
Event: 1.502 Thread 0x0000021e7ac13000 nmethod 398 0x0000021e698bc210 code [0x0000021e698bc480, 0x0000021e698bd278]
Event: 1.503 Thread 0x0000021e7ac11000 nmethod 400 0x0000021e70d7c590 code [0x0000021e70d7c700, 0x0000021e70d7c758]
Event: 1.504 Thread 0x0000021e7ac13000  401       3       sun.security.provider.ByteArrayAccess::b2iBig64 (614 bytes)
Event: 1.506 Thread 0x0000021e7ac13000 nmethod 401 0x0000021e698bda10 code [0x0000021e698bdc60, 0x0000021e698be9e8]
Event: 1.506 Thread 0x0000021e7ac13000  402       3       sun.security.provider.SHA2::implCompress (13 bytes)
Event: 1.506 Thread 0x0000021e7ac13000 nmethod 402 0x0000021e698bee90 code [0x0000021e698bf060, 0x0000021e698bf3c8]
Event: 1.507 Thread 0x0000021e7ac13000  403       3       sun.security.provider.SHA2::implCompressCheck (15 bytes)
Event: 1.507 Thread 0x0000021e7ac11000  404 %     4       sun.security.provider.SHA2::implCompress0 @ 133 (322 bytes)
Event: 1.507 Thread 0x0000021e7ac13000 nmethod 403 0x0000021e698bf510 code [0x0000021e698bf6e0, 0x0000021e698bf998]
Event: 1.528 Thread 0x0000021e7ac13000  405       3       jdk.internal.misc.Unsafe::allocateUninitializedArray0 (90 bytes)
Event: 1.529 Thread 0x0000021e7ac13000 nmethod 405 0x0000021e698bfa90 code [0x0000021e698bfc80, 0x0000021e698c0578]
Event: 1.530 Thread 0x0000021e7ac13000  406       3       java.util.Arrays::equals (43 bytes)
Event: 1.531 Thread 0x0000021e7ac13000 nmethod 406 0x0000021e698c0690 code [0x0000021e698c0840, 0x0000021e698c0ae8]
Event: 1.532 Thread 0x0000021e7ac11000 nmethod 404% 0x0000021e70d7c890 code [0x0000021e70d7ca60, 0x0000021e70d7d298]
Event: 1.556 Thread 0x0000021e7ac11000  407       4       sun.security.provider.SHA2::implCompress0 (322 bytes)

GC Heap History (0 events):
No events

Deoptimization events (2 events):
Event: 1.556 Thread 0x0000021e6080d800 DEOPT PACKING pc=0x0000021e698bd15d sp=0x0000006c72ef9900
Event: 1.557 Thread 0x0000021e6080d800 DEOPT UNPACKING pc=0x0000021e692d964e sp=0x0000006c72ef8db8 mode 0

Classes unloaded (0 events):
No events

Classes redefined (0 events):
No events

Internal exceptions (0 events):
No events

Events (20 events):
Event: 1.534 loading class java/lang/NumberFormatException done
Event: 1.534 loading class java/io/UnsupportedEncodingException
Event: 1.537 loading class java/io/UnsupportedEncodingException done
Event: 1.537 loading class java/lang/SecurityException
Event: 1.540 loading class java/lang/SecurityException done
Event: 1.540 loading class java/net/MalformedURLException
Event: 1.543 loading class java/net/MalformedURLException done
Event: 1.544 loading class java/io/FileNotFoundException
Event: 1.549 loading class java/io/FileNotFoundException done
Event: 1.549 loading class java/lang/reflect/InvocationTargetException
Event: 1.551 loading class java/lang/reflect/InvocationTargetException done
Event: 1.551 loading class java/net/URLClassLoader
Event: 1.556 loading class java/net/URLClassLoader done
Event: 1.557 loading class java/lang/IllegalStateException
Event: 1.557 loading class java/lang/IllegalStateException done
Event: 1.558 loading class java/security/Policy
Event: 1.559 loading class java/security/Policy done
Event: 1.564 loading class java/net/URL$2
Event: 1.567 loading class java/net/URL$2 done
Event: 1.567 loading class java/net/URL$1


Dynamic libraries:
0x00007ff681880000 - 0x00007ff68188d000 	C:\Program Files\AdoptOpenJDK\jdk-14.0.2.12-hotspot\bin\java.exe
0x00007ffa4fa90000 - 0x00007ffa4fc86000 	C:\Windows\SYSTEM32\ntdll.dll
0x00007ffa4eb50000 - 0x00007ffa4ec0d000 	C:\Windows\System32\KERNEL32.DLL
0x00007ffa4d830000 - 0x00007ffa4daf8000 	C:\Windows\System32\KERNELBASE.dll
0x00007ffa4d730000 - 0x00007ffa4d830000 	C:\Windows\System32\ucrtbase.dll
0x00007ffa23d20000 - 0x00007ffa23d35000 	C:\Program Files\AdoptOpenJDK\jdk-14.0.2.12-hotspot\bin\VCRUNTIME140.dll
0x00007ffa3d440000 - 0x00007ffa3d458000 	C:\Program Files\AdoptOpenJDK\jdk-14.0.2.12-hotspot\bin\jli.dll
0x00007ffa4ec80000 - 0x00007ffa4ee20000 	C:\Windows\System32\USER32.dll
0x00007ffa4d700000 - 0x00007ffa4d722000 	C:\Windows\System32\win32u.dll
0x00007ffa4f6b0000 - 0x00007ffa4f6da000 	C:\Windows\System32\GDI32.dll
0x00007ffa4d440000 - 0x00007ffa4d549000 	C:\Windows\System32\gdi32full.dll
0x00007ffa4d630000 - 0x00007ffa4d6cd000 	C:\Windows\System32\msvcp_win.dll
0x00007ffa3ddf0000 - 0x00007ffa3e08b000 	C:\Windows\WinSxS\amd64_microsoft.windows.common-controls_6595b64144ccf1df_6.0.19041.488_none_ca04af081b815d21\COMCTL32.dll
0x00007ffa4f470000 - 0x00007ffa4f50e000 	C:\Windows\System32\msvcrt.dll
0x00007ffa4e070000 - 0x00007ffa4e0a0000 	C:\Windows\System32\IMM32.DLL
0x00007ffa1c7d0000 - 0x00007ffa1c86b000 	C:\Program Files\AdoptOpenJDK\jdk-14.0.2.12-hotspot\bin\msvcp140.dll
0x00007ff9fe1d0000 - 0x00007ff9fed64000 	C:\Program Files\AdoptOpenJDK\jdk-14.0.2.12-hotspot\bin\server\jvm.dll
0x00007ffa4f6e0000 - 0x00007ffa4f78a000 	C:\Windows\System32\ADVAPI32.dll
0x00007ffa4e990000 - 0x00007ffa4ea2b000 	C:\Windows\System32\sechost.dll
0x00007ffa4f520000 - 0x00007ffa4f644000 	C:\Windows\System32\RPCRT4.dll
0x00007ffa4f790000 - 0x00007ffa4f798000 	C:\Windows\System32\PSAPI.DLL
0x00007ffa359a0000 - 0x00007ffa359a9000 	C:\Windows\SYSTEM32\WSOCK32.dll
0x00007ffa4f950000 - 0x00007ffa4f9bb000 	C:\Windows\System32\WS2_32.dll
0x00007ffa3e690000 - 0x00007ffa3e6b7000 	C:\Windows\SYSTEM32\WINMM.dll
0x00007ffa41890000 - 0x00007ffa4189a000 	C:\Windows\SYSTEM32\VERSION.dll
0x00007ffa4bac0000 - 0x00007ffa4bad2000 	C:\Windows\SYSTEM32\kernel.appcore.dll
0x00007ffa44a40000 - 0x00007ffa44a4a000 	C:\Program Files\AdoptOpenJDK\jdk-14.0.2.12-hotspot\bin\jimage.dll
0x00007ffa35720000 - 0x00007ffa35904000 	C:\Windows\SYSTEM32\DBGHELP.DLL
0x00007ffa356f0000 - 0x00007ffa3571c000 	C:\Windows\SYSTEM32\dbgcore.DLL
0x00007ffa4d5b0000 - 0x00007ffa4d62f000 	C:\Windows\System32\bcryptPrimitives.dll
0x00007ffa21f30000 - 0x00007ffa21f55000 	C:\Program Files\AdoptOpenJDK\jdk-14.0.2.12-hotspot\bin\java.dll
0x00007ffa1f4c0000 - 0x00007ffa1f4d6000 	C:\Program Files\AdoptOpenJDK\jdk-14.0.2.12-hotspot\bin\zip.dll
0x00007ffa4e1d0000 - 0x00007ffa4e910000 	C:\Windows\System32\SHELL32.dll
0x00007ffa4b310000 - 0x00007ffa4baa4000 	C:\Windows\SYSTEM32\windows.storage.dll
0x00007ffa4db00000 - 0x00007ffa4de55000 	C:\Windows\System32\combase.dll
0x00007ffa4cb80000 - 0x00007ffa4cbac000 	C:\Windows\SYSTEM32\Wldp.dll
0x00007ffa4dfc0000 - 0x00007ffa4e06e000 	C:\Windows\System32\SHCORE.dll
0x00007ffa4df60000 - 0x00007ffa4dfb5000 	C:\Windows\System32\shlwapi.dll
0x00007ffa4d110000 - 0x00007ffa4d136000 	C:\Windows\SYSTEM32\profapi.dll
0x00007ffa1e6a0000 - 0x00007ffa1e6b9000 	C:\Program Files\AdoptOpenJDK\jdk-14.0.2.12-hotspot\bin\net.dll
0x00007ffa3d7e0000 - 0x00007ffa3d8e0000 	C:\Windows\SYSTEM32\WINHTTP.dll
0x00007ffa4c900000 - 0x00007ffa4c96a000 	C:\Windows\system32\mswsock.dll
0x00007ffa1e1c0000 - 0x00007ffa1e1d2000 	C:\Program Files\AdoptOpenJDK\jdk-14.0.2.12-hotspot\bin\nio.dll

dbghelp: loaded successfully - version: 4.0.5 - missing functions: none
symbol engine: initialized successfully - sym options: 0x614 - pdb path: .;C:\Program Files\AdoptOpenJDK\jdk-14.0.2.12-hotspot\bin;C:\Windows\SYSTEM32;C:\Windows\WinSxS\amd64_microsoft.windows.common-controls_6595b64144ccf1df_6.0.19041.488_none_ca04af081b815d21;C:\Program Files\AdoptOpenJDK\jdk-14.0.2.12-hotspot\bin\server

VM Arguments:
jvm_args: --add-modules=ALL-SYSTEM --add-opens=java.base/java.util=ALL-UNNAMED --add-opens=java.base/java.lang=ALL-UNNAMED -Declipse.application=org.eclipse.jdt.ls.core.id1 -Dosgi.bundles.defaultStartLevel=4 -Declipse.product=org.eclipse.jdt.ls.core.product -Dfile.encoding=utf8 -DwatchParentProcess=false -XX:+UseParallelGC -XX:GCTimeRatio=4 -XX:AdaptiveSizePolicyWeight=90 -Dsun.zip.disableMemoryMapping=true -Xmx1G -Xms100m 
java_command: c:\Users\robin\.vscode\extensions\redhat.java-0.70.0\server\plugins\org.eclipse.equinox.launcher_1.6.0.v20200915-1508.jar -configuration c:\Users\robin\AppData\Roaming\Code\User\globalStorage\redhat.java\0.70.0\config_ss_win -data c:\Users\robin\AppData\Roaming\Code\User\workspaceStorage\b800300ba606232d804c8d21722b2d4c\redhat.java\ss_ws
java_class_path (initial): c:\Users\robin\.vscode\extensions\redhat.java-0.70.0\server\plugins\org.eclipse.equinox.launcher_1.6.0.v20200915-1508.jar
Launcher Type: SUN_STANDARD

[Global flags]
    uintx AdaptiveSizePolicyWeight                 = 90                                        {product} {command line}
     intx CICompilerCount                          = 3                                         {product} {ergonomic}
    uintx GCTimeRatio                              = 4                                         {product} {command line}
   size_t InitialHeapSize                          = 104857600                                 {product} {command line}
   size_t MaxHeapSize                              = 1073741824                                {product} {command line}
   size_t MaxNewSize                               = 357564416                                 {product} {ergonomic}
   size_t MinHeapDeltaBytes                        = 524288                                    {product} {ergonomic}
   size_t MinHeapSize                              = 104857600                                 {product} {command line}
   size_t NewSize                                  = 34603008                                  {product} {ergonomic}
    uintx NonNMethodCodeHeapSize                   = 5832780                                {pd product} {ergonomic}
    uintx NonProfiledCodeHeapSize                  = 122912730                              {pd product} {ergonomic}
   size_t OldSize                                  = 70254592                                  {product} {ergonomic}
    uintx ProfiledCodeHeapSize                     = 122912730                              {pd product} {ergonomic}
    uintx ReservedCodeCacheSize                    = 251658240                              {pd product} {ergonomic}
     bool SegmentedCodeCache                       = true                                      {product} {ergonomic}
   size_t SoftMaxHeapSize                          = 1073741824                             {manageable} {ergonomic}
     bool UseCompressedClassPointers               = true                                 {lp64_product} {ergonomic}
     bool UseCompressedOops                        = true                                 {lp64_product} {ergonomic}
     bool UseLargePagesIndividualAllocation        = false                                  {pd product} {ergonomic}
     bool UseParallelGC                            = true                                      {product} {command line}

Logging:
Log output configuration:
 #0: stdout all=warning uptime,level,tags
 #1: stderr all=off uptime,level,tags

Environment Variables:
PATH=C:\Program Files\AdoptOpenJDK\jdk-14.0.2.12-hotspot\bin;C:\Windows\system32;C:\Windows;C:\Windows\System32\Wbem;C:\Windows\System32\WindowsPowerShell\v1.0\;C:\Windows\System32\OpenSSH\;C:\Users\robin\.dnx\bin;C:\Program Files\Microsoft DNX\Dnvm\;C:\Program Files\Microsoft SQL Server\130\Tools\Binn\;C:\Users\robin\AppData\Local\Programs\Python\Python38-32\Scripts\;C:\Users\robin\AppData\Local\Programs\Python\Python38-32\;C:\Users\robin\AppData\Local\Microsoft\WindowsApps;;C:\Users\robin\AppData\Local\Programs\Microsoft VS Code\bin
USERNAME=robin
OS=Windows_NT
PROCESSOR_IDENTIFIER=Intel64 Family 6 Model 58 Stepping 9, GenuineIntel



---------------  S Y S T E M  ---------------

OS: Windows 10 , 64 bit Build 19041 (10.0.19041.546)
OS uptime: 8 days 4:00 hours

CPU:total 4 (initial active 4) (2 cores per cpu, 2 threads per core) family 6 model 58 stepping 9, cmov, cx8, fxsr, mmx, sse, sse2, sse3, ssse3, sse4.1, sse4.2, popcnt, avx, clmul, erms, ht, tsc, tscinvbit, tscinv

Memory: 4k page, system-wide physical 3965M (307M free)
TotalPageFile size 16253M (AvailPageFile size 0M)
current process WorkingSet (physical memory assigned to process): 38M, peak: 38M
current process commit charge ("private bytes"): 183M, peak: 183M

vm_info: OpenJDK 64-Bit Server VM (14.0.2+12) for windows-amd64 JRE (14.0.2+12), built on Jul 15 2020 11:30:16 by "" with MS VC++ 15.9 (VS2017)

END.
