#
# There is insufficient memory for the Java Runtime Environment to continue.
# Native memory allocation (malloc) failed to allocate 32895 bytes for AllocateHeap
# Possible reasons:
#   The system is out of physical RAM or swap space
#   The process is running with CompressedOops enabled, and the Java Heap may be blocking the growth of the native heap
# Possible solutions:
#   Reduce memory load on the system
#   Increase physical memory or swap space
#   Check if swap backing store is full
#   Decrease Java heap size (-Xmx/-Xms)
#   Decrease number of Java threads
#   Decrease Java thread stack sizes (-Xss)
#   Set larger code cache with -XX:ReservedCodeCacheSize=
#   JVM is running with Unscaled Compressed Oops mode in which the Java heap is
#     placed in the first 4GB address space. The Java Heap base address is the
#     maximum limit for the native heap growth. Please use -XX:HeapBaseMinAddress
#     to set the Java Heap base and to place the Java Heap above 4GB virtual address.
# This output file may be truncated or incomplete.
#
#  Out of Memory Error (./src/hotspot/share/memory/allocation.cpp:44), pid=132400, tid=134984
#
# JRE version: OpenJDK Runtime Environment AdoptOpenJDK (14.0.2+12) (build 14.0.2+12)
# Java VM: OpenJDK 64-Bit Server VM AdoptOpenJDK (14.0.2+12, mixed mode, sharing, tiered, compressed oops, parallel gc, windows-amd64)
# No core dump will be written. Minidumps are not enabled by default on client versions of Windows
#

---------------  S U M M A R Y ------------

Command Line: --add-modules=ALL-SYSTEM --add-opens=java.base/java.util=ALL-UNNAMED --add-opens=java.base/java.lang=ALL-UNNAMED -Declipse.application=org.eclipse.jdt.ls.core.id1 -Dosgi.bundles.defaultStartLevel=4 -Declipse.product=org.eclipse.jdt.ls.core.product -Dfile.encoding=utf8 -DwatchParentProcess=false -XX:+UseParallelGC -XX:GCTimeRatio=4 -XX:AdaptiveSizePolicyWeight=90 -Dsun.zip.disableMemoryMapping=true -Xmx1G -Xms100m c:\Users\robin\.vscode\extensions\redhat.java-0.70.0\server\plugins\org.eclipse.equinox.launcher_1.6.0.v20200915-1508.jar -configuration c:\Users\robin\AppData\Roaming\Code\User\globalStorage\redhat.java\0.70.0\config_ss_win -data c:\Users\robin\AppData\Roaming\Code\User\workspaceStorage\b800300ba606232d804c8d21722b2d4c\redhat.java\ss_ws

Host: Intel(R) Core(TM) i3-3227U CPU @ 1.90GHz, 4 cores, 3G,  Windows 10 , 64 bit Build 19041 (10.0.19041.546)
Time: Tue Nov 10 22:54:48 2020 Hora estándar central (México) elapsed time: 4 seconds (0d 0h 0m 4s)

---------------  T H R E A D  ---------------

Current thread (0x0000014cb6318800):  JavaThread "Timer-0" daemon [_thread_in_vm, id=134984, stack(0x0000001b4bd00000,0x0000001b4be00000)]

Stack: [0x0000001b4bd00000,0x0000001b4be00000]
Native frames: (J=compiled Java code, j=interpreted, Vv=VM code, C=native code)
V  [jvm.dll+0x5fd67a]
V  [jvm.dll+0x79785a]
V  [jvm.dll+0x79900f]
V  [jvm.dll+0x799653]
V  [jvm.dll+0x20f108]
V  [jvm.dll+0xa3e6f]
V  [jvm.dll+0x71c91b]
V  [jvm.dll+0x71ba4e]
V  [jvm.dll+0x71d512]
V  [jvm.dll+0x3ca8cf]
C  0x0000014ca2c2f317

Java frames: (J=compiled Java code, j=interpreted, Vv=VM code)
j  java.lang.Object.wait(J)V+0 java.base@14.0.2
j  java.util.TimerThread.mainLoop()V+201 java.base@14.0.2
j  java.util.TimerThread.run()V+1 java.base@14.0.2
v  ~StubRoutines::call_stub

---------------  P R O C E S S  ---------------

Threads class SMR info:
_java_thread_list=0x0000014cb62d59a0, length=16, elements={
0x0000014c9a19c800, 0x0000014c9a278800, 0x0000014c9a27b000, 0x0000014cb459b800,
0x0000014cb459c800, 0x0000014cb459e000, 0x0000014cb45a3000, 0x0000014cb45a5000,
0x0000014cb45a6800, 0x0000014c9a23b000, 0x0000014cb58f6800, 0x0000014cb5d74800,
0x0000014cb60ce800, 0x0000014cb60fe800, 0x0000014cb6133800, 0x0000014cb6318800
}

Java Threads: ( => current thread )
  0x0000014c9a19c800 JavaThread "main" [_thread_in_Java, id=135160, stack(0x0000001b4a800000,0x0000001b4a900000)]
  0x0000014c9a278800 JavaThread "Reference Handler" daemon [_thread_blocked, id=33092, stack(0x0000001b4ab00000,0x0000001b4ac00000)]
  0x0000014c9a27b000 JavaThread "Finalizer" daemon [_thread_blocked, id=134844, stack(0x0000001b4ac00000,0x0000001b4ad00000)]
  0x0000014cb459b800 JavaThread "Signal Dispatcher" daemon [_thread_blocked, id=135064, stack(0x0000001b4ad00000,0x0000001b4ae00000)]
  0x0000014cb459c800 JavaThread "Attach Listener" daemon [_thread_blocked, id=134860, stack(0x0000001b4ae00000,0x0000001b4af00000)]
  0x0000014cb459e000 JavaThread "Service Thread" daemon [_thread_blocked, id=134852, stack(0x0000001b4af00000,0x0000001b4b000000)]
  0x0000014cb45a3000 JavaThread "C2 CompilerThread0" daemon [_thread_blocked, id=135084, stack(0x0000001b4b000000,0x0000001b4b100000)]
  0x0000014cb45a5000 JavaThread "C1 CompilerThread0" daemon [_thread_blocked, id=62856, stack(0x0000001b4b100000,0x0000001b4b200000)]
  0x0000014cb45a6800 JavaThread "Sweeper thread" daemon [_thread_blocked, id=134884, stack(0x0000001b4b200000,0x0000001b4b300000)]
  0x0000014c9a23b000 JavaThread "Common-Cleaner" daemon [_thread_blocked, id=133172, stack(0x0000001b4b300000,0x0000001b4b400000)]
  0x0000014cb58f6800 JavaThread "Notification Thread" daemon [_thread_blocked, id=134580, stack(0x0000001b4b400000,0x0000001b4b500000)]
  0x0000014cb5d74800 JavaThread "Active Thread: Equinox Container: 3822eb2f-852e-470a-8584-c5bd889d9c9d" [_thread_blocked, id=134436, stack(0x0000001b4b600000,0x0000001b4b700000)]
  0x0000014cb60ce800 JavaThread "Framework Event Dispatcher: Equinox Container: 3822eb2f-852e-470a-8584-c5bd889d9c9d" daemon [_thread_blocked, id=135112, stack(0x0000001b4b700000,0x0000001b4b800000)]
  0x0000014cb60fe800 JavaThread "Start Level: Equinox Container: 3822eb2f-852e-470a-8584-c5bd889d9c9d" daemon [_thread_blocked, id=135164, stack(0x0000001b4b800000,0x0000001b4b900000)]
  0x0000014cb6133800 JavaThread "SCR Component Actor" daemon [_thread_blocked, id=134428, stack(0x0000001b4b900000,0x0000001b4ba00000)]
=>0x0000014cb6318800 JavaThread "Timer-0" daemon [_thread_in_vm, id=134984, stack(0x0000001b4bd00000,0x0000001b4be00000)]

Other Threads:
  0x0000014cb457f800 VMThread "VM Thread" [stack: 0x0000001b4aa00000,0x0000001b4ab00000] [id=134988]
  0x0000014cb5844000 WatcherThread [stack: 0x0000001b4b500000,0x0000001b4b600000] [id=133284]
  0x0000014c9a1b6000 GCTaskThread "GC Thread#0" [stack: 0x0000001b4a900000,0x0000001b4aa00000] [id=134476]
  0x0000014cb6135000 GCTaskThread "GC Thread#1" [stack: 0x0000001b4ba00000,0x0000001b4bb00000] [id=129392]
  0x0000014cb613c800 GCTaskThread "GC Thread#2" [stack: 0x0000001b4bb00000,0x0000001b4bc00000] [id=134792]
  0x0000014cb613d000 GCTaskThread "GC Thread#3" [stack: 0x0000001b4bc00000,0x0000001b4bd00000] [id=132996]

Threads with active compile tasks:

VM state:not at safepoint (normal execution)

VM Mutex/Monitor currently owned by a thread: None

Heap address: 0x00000000c0000000, size: 1024 MB, Compressed Oops mode: 32-bit
Narrow klass base: 0x0000000800000000, Narrow klass shift: 3
Compressed class space size: 1073741824 Address: 0x0000000800b30000

Heap:
 PSYoungGen      total 29696K, used 7754K [0x00000000eab00000, 0x00000000ecc00000, 0x0000000100000000)
  eden space 25600K, 14% used [0x00000000eab00000,0x00000000eaeb81f0,0x00000000ec400000)
  from space 4096K, 96% used [0x00000000ec400000,0x00000000ec7da640,0x00000000ec800000)
  to   space 4096K, 0% used [0x00000000ec800000,0x00000000ec800000,0x00000000ecc00000)
 ParOldGen       total 68608K, used 16K [0x00000000c0000000, 0x00000000c4300000, 0x00000000eab00000)
  object space 68608K, 0% used [0x00000000c0000000,0x00000000c0004000,0x00000000c4300000)
 Metaspace       used 9280K, capacity 9653K, committed 9856K, reserved 1058816K
  class space    used 939K, capacity 1054K, committed 1152K, reserved 1048576K

Card table byte_map: [0x0000014c99b60000,0x0000014c99d70000] _byte_map_base: 0x0000014c99560000

Marking Bits: (ParMarkBitMap*) 0x00007ff9fec9a750
 Begin Bits: [0x0000014cb1c20000, 0x0000014cb2c20000)
 End Bits:   [0x0000014cb2c20000, 0x0000014cb3c20000)

Polling page: 0x0000014c98150000

Metaspace:

Usage:
  Non-class:      8.40 MB capacity,     8.15 MB ( 97%) used,   240.19 KB (  3%) free+waste,    17.50 KB ( <1%) overhead. 
      Class:      1.03 MB capacity,   939.16 KB ( 89%) used,   105.46 KB ( 10%) free+waste,     9.38 KB ( <1%) overhead. 
       Both:      9.43 MB capacity,     9.06 MB ( 96%) used,   345.65 KB (  4%) free+waste,    26.88 KB ( <1%) overhead. 

Virtual space:
  Non-class space:       10.00 MB reserved,       8.50 MB ( 85%) committed 
      Class space:        1.00 GB reserved,       1.13 MB ( <1%) committed 
             Both:        1.01 GB reserved,       9.63 MB ( <1%) committed 

Chunk freelists:
   Non-Class:  41.00 KB
       Class:  2.00 KB
        Both:  43.00 KB

MaxMetaspaceSize: 17179869184.00 GB
CompressedClassSpaceSize: 1.00 GB

CodeHeap 'non-profiled nmethods': size=120000Kb used=448Kb max_used=448Kb free=119551Kb
 bounds [0x0000014caa6f0000, 0x0000014caa960000, 0x0000014cb1c20000]
CodeHeap 'profiled nmethods': size=120000Kb used=2829Kb max_used=2829Kb free=117170Kb
 bounds [0x0000014ca31c0000, 0x0000014ca3490000, 0x0000014caa6f0000]
CodeHeap 'non-nmethods': size=5760Kb used=1168Kb max_used=1182Kb free=4591Kb
 bounds [0x0000014ca2c20000, 0x0000014ca2e90000, 0x0000014ca31c0000]
 total_blobs=1872 nmethods=1445 adapters=341
 compilation: enabled
              stopped_count=0, restarted_count=0
 full_count=0

Compilation events (20 events):
Event: 4.101 Thread 0x0000014cb45a5000 1420       3       java.util.TreeMap::parentOf (13 bytes)
Event: 4.101 Thread 0x0000014cb45a5000 nmethod 1420 0x0000014ca3468d10 code [0x0000014ca3468ea0, 0x0000014ca3468ff8]
Event: 4.101 Thread 0x0000014cb45a5000 1421       1       java.util.Collections$EmptyList::isEmpty (2 bytes)
Event: 4.101 Thread 0x0000014cb45a5000 nmethod 1421 0x0000014caa75f290 code [0x0000014caa75f420, 0x0000014caa75f4f8]
Event: 4.105 Thread 0x0000014cb45a5000 1422  s    3       java.util.Vector::addElement (24 bytes)
Event: 4.106 Thread 0x0000014cb45a5000 nmethod 1422 0x0000014ca3469090 code [0x0000014ca3469260, 0x0000014ca3469808]
Event: 4.106 Thread 0x0000014cb45a5000 1423       3       java.util.ArrayList::fastRemove (44 bytes)
Event: 4.106 Thread 0x0000014cb45a5000 nmethod 1423 0x0000014ca3469a10 code [0x0000014ca3469bc0, 0x0000014ca3469fa8]
Event: 4.109 Thread 0x0000014cb45a5000 1424   !   3       org.eclipse.osgi.internal.framework.EquinoxContainer::getServiceRegistry (17 bytes)
Event: 4.109 Thread 0x0000014cb45a5000 nmethod 1424 0x0000014ca346a110 code [0x0000014ca346a2a0, 0x0000014ca346a578]
Event: 4.119 Thread 0x0000014cb45a5000 1425       3       org.eclipse.osgi.internal.loader.classpath.ClasspathManager::processClass (91 bytes)
Event: 4.120 Thread 0x0000014cb45a5000 nmethod 1425 0x0000014ca346a690 code [0x0000014ca346a8a0, 0x0000014ca346b1f8]
Event: 4.122 Thread 0x0000014cb45a5000 1426   !   3       org.eclipse.osgi.internal.loader.BundleLoader::findClass (531 bytes)
Event: 4.136 Thread 0x0000014cb45a5000 nmethod 1426 0x0000014ca346b490 code [0x0000014ca346bea0, 0x0000014ca3472088]
Event: 4.136 Thread 0x0000014cb45a5000 1427   !   3       org.eclipse.osgi.internal.loader.ModuleClassLoader::loadClass (119 bytes)
Event: 4.140 Thread 0x0000014cb45a5000 nmethod 1427 0x0000014ca3473e90 code [0x0000014ca3474300, 0x0000014ca3476208]
Event: 4.140 Thread 0x0000014cb45a5000 1428       3       java.lang.invoke.MethodHandleNatives::refKindHasReceiver (33 bytes)
Event: 4.141 Thread 0x0000014cb45a5000 nmethod 1428 0x0000014ca3476c90 code [0x0000014ca3476e20, 0x0000014ca3476f78]
Event: 4.142 Thread 0x0000014cb45a5000 1429       3       java.lang.ClassLoader::addClass (9 bytes)
Event: 4.143 Thread 0x0000014cb45a5000 nmethod 1429 0x0000014ca3477010 code [0x0000014ca34771e0, 0x0000014ca34778c8]

GC Heap History (2 events):
Event: 3.837 GC heap before
{Heap before GC invocations=1 (full 0):
 PSYoungGen      total 29696K, used 25600K [0x00000000eab00000, 0x00000000ecc00000, 0x0000000100000000)
  eden space 25600K, 100% used [0x00000000eab00000,0x00000000ec400000,0x00000000ec400000)
  from space 4096K, 0% used [0x00000000ec800000,0x00000000ec800000,0x00000000ecc00000)
  to   space 4096K, 0% used [0x00000000ec400000,0x00000000ec400000,0x00000000ec800000)
 ParOldGen       total 68608K, used 0K [0x00000000c0000000, 0x00000000c4300000, 0x00000000eab00000)
  object space 68608K, 0% used [0x00000000c0000000,0x00000000c0000000,0x00000000c4300000)
 Metaspace       used 7273K, capacity 7841K, committed 8064K, reserved 1056768K
  class space    used 723K, capacity 811K, committed 896K, reserved 1048576K
}
Event: 3.854 GC heap after
{Heap after GC invocations=1 (full 0):
 PSYoungGen      total 29696K, used 3945K [0x00000000eab00000, 0x00000000ecc00000, 0x0000000100000000)
  eden space 25600K, 0% used [0x00000000eab00000,0x00000000eab00000,0x00000000ec400000)
  from space 4096K, 96% used [0x00000000ec400000,0x00000000ec7da640,0x00000000ec800000)
  to   space 4096K, 0% used [0x00000000ec800000,0x00000000ec800000,0x00000000ecc00000)
 ParOldGen       total 68608K, used 16K [0x00000000c0000000, 0x00000000c4300000, 0x00000000eab00000)
  object space 68608K, 0% used [0x00000000c0000000,0x00000000c0004000,0x00000000c4300000)
 Metaspace       used 7273K, capacity 7841K, committed 8064K, reserved 1056768K
  class space    used 723K, capacity 811K, committed 896K, reserved 1048576K
}

Deoptimization events (20 events):
Event: 3.460 Thread 0x0000014c9a19c800 Uncommon trap: trap_request=0xffffffde fr.pc=0x0000014caa73fb74 relative=0x0000000000000ad4
Event: 3.460 Thread 0x0000014c9a19c800 Uncommon trap: reason=class_check action=maybe_recompile pc=0x0000014caa73fb74 method=java.util.HashMap.putVal(ILjava/lang/Object;Ljava/lang/Object;ZZ)Ljava/lang/Object; @ 253 c2
Event: 3.460 Thread 0x0000014c9a19c800 DEOPT PACKING pc=0x0000014caa73fb74 sp=0x0000001b4a8fdc70
Event: 3.460 Thread 0x0000014c9a19c800 DEOPT UNPACKING pc=0x0000014ca2c6912f sp=0x0000001b4a8fdb98 mode 2
Event: 3.465 Thread 0x0000014c9a19c800 Uncommon trap: trap_request=0xffffffde fr.pc=0x0000014caa73fb74 relative=0x0000000000000ad4
Event: 3.465 Thread 0x0000014c9a19c800 Uncommon trap: reason=class_check action=maybe_recompile pc=0x0000014caa73fb74 method=java.util.HashMap.putVal(ILjava/lang/Object;Ljava/lang/Object;ZZ)Ljava/lang/Object; @ 253 c2
Event: 3.465 Thread 0x0000014c9a19c800 DEOPT PACKING pc=0x0000014caa73fb74 sp=0x0000001b4a8fdcf0
Event: 3.465 Thread 0x0000014c9a19c800 DEOPT UNPACKING pc=0x0000014ca2c6912f sp=0x0000001b4a8fdc18 mode 2
Event: 3.466 Thread 0x0000014c9a19c800 Uncommon trap: trap_request=0xffffffde fr.pc=0x0000014caa6fe0d0 relative=0x0000000000000710
Event: 3.466 Thread 0x0000014c9a19c800 Uncommon trap: reason=class_check action=maybe_recompile pc=0x0000014caa6fe0d0 method=java.util.HashMap.putVal(ILjava/lang/Object;Ljava/lang/Object;ZZ)Ljava/lang/Object; @ 253 c2
Event: 3.466 Thread 0x0000014c9a19c800 DEOPT PACKING pc=0x0000014caa6fe0d0 sp=0x0000001b4a8fdc70
Event: 3.466 Thread 0x0000014c9a19c800 DEOPT UNPACKING pc=0x0000014ca2c6912f sp=0x0000001b4a8fdc10 mode 2
Event: 3.506 Thread 0x0000014c9a19c800 DEOPT PACKING pc=0x0000014ca32f0c68 sp=0x0000001b4a8fd180
Event: 3.507 Thread 0x0000014c9a19c800 DEOPT UNPACKING pc=0x0000014ca2c6964e sp=0x0000001b4a8fc5d8 mode 0
Event: 3.757 Thread 0x0000014cb60ce800 Uncommon trap: trap_request=0xffffff45 fr.pc=0x0000014caa71ec70 relative=0x0000000000000190
Event: 3.757 Thread 0x0000014cb60ce800 Uncommon trap: reason=unstable_if action=reinterpret pc=0x0000014caa71ec70 method=java.lang.ThreadLocal.get()Ljava/lang/Object; @ 11 c2
Event: 3.757 Thread 0x0000014cb60ce800 DEOPT PACKING pc=0x0000014caa71ec70 sp=0x0000001b4b7fed40
Event: 3.757 Thread 0x0000014cb60ce800 DEOPT UNPACKING pc=0x0000014ca2c6912f sp=0x0000001b4b7fece0 mode 2
Event: 3.791 Thread 0x0000014cb60fe800 DEOPT PACKING pc=0x0000014ca326a0cb sp=0x0000001b4b8f8d10
Event: 3.791 Thread 0x0000014cb60fe800 DEOPT UNPACKING pc=0x0000014ca2c6964e sp=0x0000001b4b8f81e0 mode 0

Classes unloaded (0 events):
No events

Classes redefined (0 events):
No events

Internal exceptions (20 events):
Event: 1.110 Thread 0x0000014c9a19c800 Exception <a 'java/io/FileNotFoundException'{0x00000000eaf0b600}> (0x00000000eaf0b600) 
thrown [./src/hotspot/share/prims/jni.cpp, line 599]
Event: 1.110 Thread 0x0000014c9a19c800 Exception <a 'java/io/FileNotFoundException'{0x00000000eaf0c290}> (0x00000000eaf0c290) 
thrown [./src/hotspot/share/prims/jni.cpp, line 599]
Event: 1.138 Thread 0x0000014c9a19c800 Exception <a 'java/io/FileNotFoundException'{0x00000000eaf28580}> (0x00000000eaf28580) 
thrown [./src/hotspot/share/prims/jni.cpp, line 599]
Event: 1.877 Thread 0x0000014c9a19c800 Exception <a 'java/lang/NoSuchMethodError'{0x00000000eb682d40}: 'java.lang.Object java.lang.invoke.DirectMethodHandle$Holder.invokeStaticInit(java.lang.Object, int, int, int, int)'> (0x00000000eb682d40) 
thrown [./src/hotspot/share/interpreter/linkResolver.cpp, line 766]
Event: 2.263 Thread 0x0000014c9a19c800 Exception <a 'java/lang/NoSuchMethodError'{0x00000000eb6f1190}: 'java.lang.Object java.lang.invoke.DirectMethodHandle$Holder.invokeStaticInit(java.lang.Object, java.lang.Object, int, int, int, int)'> (0x00000000eb6f1190) 
thrown [./src/hotspot/share/interpreter/linkResolver.cpp, line 766]
Event: 2.355 Thread 0x0000014c9a19c800 Exception <a 'java/lang/ClassNotFoundException'{0x00000000eb713050}: sun/net/www/protocol/c/Handler> (0x00000000eb713050) 
thrown [./src/hotspot/share/classfile/systemDictionary.cpp, line 226]
Event: 2.357 Thread 0x0000014c9a19c800 Exception <a 'java/lang/ClassNotFoundException'{0x00000000eb714470}: sun/net/www/protocol/c/Handler> (0x00000000eb714470) 
thrown [./src/hotspot/share/classfile/systemDictionary.cpp, line 226]
Event: 2.359 Thread 0x0000014c9a19c800 Exception <a 'java/lang/ClassNotFoundException'{0x00000000eb715700}: sun/net/www/protocol/c/Handler> (0x00000000eb715700) 
thrown [./src/hotspot/share/classfile/systemDictionary.cpp, line 226]
Event: 2.489 Thread 0x0000014c9a19c800 Exception <a 'java/io/FileNotFoundException'{0x00000000eb72c620}> (0x00000000eb72c620) 
thrown [./src/hotspot/share/prims/jni.cpp, line 599]
Event: 2.649 Thread 0x0000014c9a19c800 Implicit null exception at 0x0000014caa724f25 to 0x0000014caa72519c
Event: 2.653 Thread 0x0000014c9a19c800 Implicit null exception at 0x0000014caa70602f to 0x0000014caa7060ad
Event: 2.771 Thread 0x0000014c9a19c800 Exception <a 'java/lang/NoSuchMethodError'{0x00000000eb9143a0}: 'int java.lang.invoke.DirectMethodHandle$Holder.invokeStaticInit(java.lang.Object, java.lang.Object, java.lang.Object, java.lang.Object)'> (0x00000000eb9143a0) 
thrown [./src/hotspot/share/interpreter/linkResolver.cpp, line 766]
Event: 2.774 Thread 0x0000014c9a19c800 Exception <a 'java/lang/IncompatibleClassChangeError'{0x00000000eb91d9b8}: Found class java.lang.Object, but interface was expected> (0x00000000eb91d9b8) 
thrown [./src/hotspot/share/interpreter/linkResolver.cpp, line 832]
Event: 2.779 Thread 0x0000014c9a19c800 Exception <a 'java/lang/NoSuchMethodError'{0x00000000eb920780}: 'void java.lang.invoke.DirectMethodHandle$Holder.invokeStaticInit(java.lang.Object, java.lang.Object)'> (0x00000000eb920780) 
thrown [./src/hotspot/share/interpreter/linkResolver.cpp, line 766]
Event: 2.781 Thread 0x0000014c9a19c800 Exception <a 'java/lang/NoSuchMethodError'{0x00000000eb925650}: 'int java.lang.invoke.DirectMethodHandle$Holder.invokeStaticInit(java.lang.Object, java.lang.Object)'> (0x00000000eb925650) 
thrown [./src/hotspot/share/interpreter/linkResolver.cpp, line 766]
Event: 3.000 Thread 0x0000014c9a19c800 Exception <a 'java/lang/NoSuchMethodError'{0x00000000ebacee48}: 'int java.lang.invoke.DirectMethodHandle$Holder.invokeSpecialIFC(java.lang.Object, java.lang.Object, int)'> (0x00000000ebacee48) 
thrown [./src/hotspot/share/interpreter/linkResolver.cpp, line 766]
Event: 3.415 Thread 0x0000014c9a19c800 Exception <a 'java/lang/NoSuchMethodError'{0x00000000ebf35050}: 'java.lang.Object java.lang.invoke.DirectMethodHandle$Holder.invokeStatic(java.lang.Object, int, java.lang.Object)'> (0x00000000ebf35050) 
thrown [./src/hotspot/share/interpreter/linkResolver.cpp, line 766]
Event: 3.426 Thread 0x0000014c9a19c800 Exception <a 'java/lang/NoSuchMethodError'{0x00000000ebf4f488}: 'java.lang.Object java.lang.invoke.Invokers$Holder.linkToTargetMethod(java.lang.Object, java.lang.Object, java.lang.Object, int, java.lang.Object, java.lang.Object)'> (0x00000000ebf4f488) 
thrown [./src/hotspot/share/interpreter/linkResolver.cpp, line 766]
Event: 3.757 Thread 0x0000014cb60ce800 Implicit null exception at 0x0000014caa71eb3b to 0x0000014caa71ec5c
Event: 3.757 Thread 0x0000014c9a19c800 Exception <a 'java/lang/UnsatisfiedLinkError'{0x00000000ec24f890}: 'void org.eclipse.equinox.launcher.JNIBridge._update_splash()'> (0x00000000ec24f890) 
thrown [./src/hotspot/share/prims/nativeLookup.cpp, line 408]

Events (20 events):
Event: 4.103 loading class com/sun/org/apache/xerces/internal/impl/io/MalformedByteSequenceException done
Event: 4.137 loading class java/util/concurrent/RejectedExecutionException
Event: 4.137 loading class java/util/concurrent/RejectedExecutionException done
Event: 4.138 loading class java/util/concurrent/ConcurrentLinkedQueue
Event: 4.139 loading class java/util/concurrent/ConcurrentLinkedQueue done
Event: 4.139 loading class java/util/concurrent/ConcurrentLinkedQueue$Node
Event: 4.140 loading class java/util/concurrent/ConcurrentLinkedQueue$Node done
Event: 4.144 loading class java/util/Timer
Event: 4.145 loading class java/util/Timer done
Event: 4.145 loading class java/util/TaskQueue
Event: 4.145 loading class java/util/TaskQueue done
Event: 4.145 loading class java/util/TimerThread
Event: 4.146 loading class java/util/TimerThread done
Event: 4.146 loading class java/util/Timer$1
Event: 4.146 loading class java/util/Timer$1 done
Event: 4.146 Executing VM operation: HandshakeAllThreads
Event: 4.146 Executing VM operation: HandshakeAllThreads done
Event: 4.147 Thread 0x0000014cb6318800 Thread added: 0x0000014cb6318800
Event: 4.149 Executing VM operation: HandshakeOneThread
Event: 4.149 Executing VM operation: HandshakeOneThread done


Dynamic libraries:
0x00007ff681880000 - 0x00007ff68188d000 	C:\Program Files\AdoptOpenJDK\jdk-14.0.2.12-hotspot\bin\java.exe
0x00007ffa4fa90000 - 0x00007ffa4fc86000 	C:\Windows\SYSTEM32\ntdll.dll
0x00007ffa4eb50000 - 0x00007ffa4ec0d000 	C:\Windows\System32\KERNEL32.DLL
0x00007ffa4d830000 - 0x00007ffa4daf8000 	C:\Windows\System32\KERNELBASE.dll
0x00007ffa4d730000 - 0x00007ffa4d830000 	C:\Windows\System32\ucrtbase.dll
0x00007ffa3d440000 - 0x00007ffa3d458000 	C:\Program Files\AdoptOpenJDK\jdk-14.0.2.12-hotspot\bin\jli.dll
0x00007ffa4ec80000 - 0x00007ffa4ee20000 	C:\Windows\System32\USER32.dll
0x00007ffa4d700000 - 0x00007ffa4d722000 	C:\Windows\System32\win32u.dll
0x00007ffa4f6b0000 - 0x00007ffa4f6da000 	C:\Windows\System32\GDI32.dll
0x00007ffa4d440000 - 0x00007ffa4d549000 	C:\Windows\System32\gdi32full.dll
0x00007ffa4d630000 - 0x00007ffa4d6cd000 	C:\Windows\System32\msvcp_win.dll
0x00007ffa3ddf0000 - 0x00007ffa3e08b000 	C:\Windows\WinSxS\amd64_microsoft.windows.common-controls_6595b64144ccf1df_6.0.19041.488_none_ca04af081b815d21\COMCTL32.dll
0x00007ffa4f470000 - 0x00007ffa4f50e000 	C:\Windows\System32\msvcrt.dll
0x00007ffa23d20000 - 0x00007ffa23d35000 	C:\Program Files\AdoptOpenJDK\jdk-14.0.2.12-hotspot\bin\VCRUNTIME140.dll
0x00007ffa4e070000 - 0x00007ffa4e0a0000 	C:\Windows\System32\IMM32.DLL
0x00007ffa1c7d0000 - 0x00007ffa1c86b000 	C:\Program Files\AdoptOpenJDK\jdk-14.0.2.12-hotspot\bin\msvcp140.dll
0x00007ff9fe1d0000 - 0x00007ff9fed64000 	C:\Program Files\AdoptOpenJDK\jdk-14.0.2.12-hotspot\bin\server\jvm.dll
0x00007ffa4f6e0000 - 0x00007ffa4f78a000 	C:\Windows\System32\ADVAPI32.dll
0x00007ffa4e990000 - 0x00007ffa4ea2b000 	C:\Windows\System32\sechost.dll
0x00007ffa4f520000 - 0x00007ffa4f644000 	C:\Windows\System32\RPCRT4.dll
0x00007ffa4f790000 - 0x00007ffa4f798000 	C:\Windows\System32\PSAPI.DLL
0x00007ffa359a0000 - 0x00007ffa359a9000 	C:\Windows\SYSTEM32\WSOCK32.dll
0x00007ffa4f950000 - 0x00007ffa4f9bb000 	C:\Windows\System32\WS2_32.dll
0x00007ffa3e690000 - 0x00007ffa3e6b7000 	C:\Windows\SYSTEM32\WINMM.dll
0x00007ffa41890000 - 0x00007ffa4189a000 	C:\Windows\SYSTEM32\VERSION.dll
0x00007ffa4bac0000 - 0x00007ffa4bad2000 	C:\Windows\SYSTEM32\kernel.appcore.dll
0x00007ffa44a40000 - 0x00007ffa44a4a000 	C:\Program Files\AdoptOpenJDK\jdk-14.0.2.12-hotspot\bin\jimage.dll
0x00007ffa35720000 - 0x00007ffa35904000 	C:\Windows\SYSTEM32\DBGHELP.DLL
0x00007ffa356f0000 - 0x00007ffa3571c000 	C:\Windows\SYSTEM32\dbgcore.DLL
0x00007ffa4d5b0000 - 0x00007ffa4d62f000 	C:\Windows\System32\bcryptPrimitives.dll
0x00007ffa21f30000 - 0x00007ffa21f55000 	C:\Program Files\AdoptOpenJDK\jdk-14.0.2.12-hotspot\bin\java.dll
0x00007ffa1f4c0000 - 0x00007ffa1f4d6000 	C:\Program Files\AdoptOpenJDK\jdk-14.0.2.12-hotspot\bin\zip.dll
0x00007ffa4e1d0000 - 0x00007ffa4e910000 	C:\Windows\System32\SHELL32.dll
0x00007ffa4b310000 - 0x00007ffa4baa4000 	C:\Windows\SYSTEM32\windows.storage.dll
0x00007ffa4db00000 - 0x00007ffa4de55000 	C:\Windows\System32\combase.dll
0x00007ffa4cb80000 - 0x00007ffa4cbac000 	C:\Windows\SYSTEM32\Wldp.dll
0x00007ffa4dfc0000 - 0x00007ffa4e06e000 	C:\Windows\System32\SHCORE.dll
0x00007ffa4df60000 - 0x00007ffa4dfb5000 	C:\Windows\System32\shlwapi.dll
0x00007ffa4d110000 - 0x00007ffa4d136000 	C:\Windows\SYSTEM32\profapi.dll
0x00007ffa1e6a0000 - 0x00007ffa1e6b9000 	C:\Program Files\AdoptOpenJDK\jdk-14.0.2.12-hotspot\bin\net.dll
0x00007ffa3d7e0000 - 0x00007ffa3d8e0000 	C:\Windows\SYSTEM32\WINHTTP.dll
0x00007ffa4c900000 - 0x00007ffa4c96a000 	C:\Windows\system32\mswsock.dll
0x00007ffa1e1c0000 - 0x00007ffa1e1d2000 	C:\Program Files\AdoptOpenJDK\jdk-14.0.2.12-hotspot\bin\nio.dll
0x00007ffa4cad0000 - 0x00007ffa4cae8000 	C:\Windows\SYSTEM32\CRYPTSP.dll
0x00007ffa4c290000 - 0x00007ffa4c2c4000 	C:\Windows\system32\rsaenh.dll
0x00007ffa4d6d0000 - 0x00007ffa4d6f7000 	C:\Windows\System32\bcrypt.dll
0x00007ffa4d080000 - 0x00007ffa4d0ae000 	C:\Windows\SYSTEM32\USERENV.dll
0x00007ffa4caf0000 - 0x00007ffa4cafc000 	C:\Windows\SYSTEM32\CRYPTBASE.dll
0x00007ffa4c5f0000 - 0x00007ffa4c62b000 	C:\Windows\SYSTEM32\IPHLPAPI.DLL
0x00007ffa4f510000 - 0x00007ffa4f519000 	C:\Windows\System32\NSI.dll
0x00007ffa41ac0000 - 0x00007ffa41ad7000 	C:\Windows\SYSTEM32\dhcpcsvc6.DLL
0x00007ffa42110000 - 0x00007ffa4212d000 	C:\Windows\SYSTEM32\dhcpcsvc.DLL
0x00007ffa4c630000 - 0x00007ffa4c6fb000 	C:\Windows\SYSTEM32\DNSAPI.dll
0x00007ffa1e140000 - 0x00007ffa1e16a000 	C:\Users\robin\AppData\Roaming\Code\User\globalStorage\redhat.java\0.70.0\config_ss_win\org.eclipse.equinox.launcher\org.eclipse.equinox.launcher.win32.win32.x86_64_1.2.0.v20200915-1442\eclipse_11100.dll

dbghelp: loaded successfully - version: 4.0.5 - missing functions: none
symbol engine: initialized successfully - sym options: 0x614 - pdb path: .;C:\Program Files\AdoptOpenJDK\jdk-14.0.2.12-hotspot\bin;C:\Windows\SYSTEM32;C:\Windows\WinSxS\amd64_microsoft.windows.common-controls_6595b64144ccf1df_6.0.19041.488_none_ca04af081b815d21;C:\Program Files\AdoptOpenJDK\jdk-14.0.2.12-hotspot\bin\server;C:\Users\robin\AppData\Roaming\Code\User\globalStorage\redhat.java\0.70.0\config_ss_win\org.eclipse.equinox.launcher\org.eclipse.equinox.launcher.win32.win32.x86_64_1.2.0.v20200915-1442

VM Arguments:
jvm_args: --add-modules=ALL-SYSTEM --add-opens=java.base/java.util=ALL-UNNAMED --add-opens=java.base/java.lang=ALL-UNNAMED -Declipse.application=org.eclipse.jdt.ls.core.id1 -Dosgi.bundles.defaultStartLevel=4 -Declipse.product=org.eclipse.jdt.ls.core.product -Dfile.encoding=utf8 -DwatchParentProcess=false -XX:+UseParallelGC -XX:GCTimeRatio=4 -XX:AdaptiveSizePolicyWeight=90 -Dsun.zip.disableMemoryMapping=true -Xmx1G -Xms100m 
java_command: c:\Users\robin\.vscode\extensions\redhat.java-0.70.0\server\plugins\org.eclipse.equinox.launcher_1.6.0.v20200915-1508.jar -configuration c:\Users\robin\AppData\Roaming\Code\User\globalStorage\redhat.java\0.70.0\config_ss_win -data c:\Users\robin\AppData\Roaming\Code\User\workspaceStorage\b800300ba606232d804c8d21722b2d4c\redhat.java\ss_ws
java_class_path (initial): c:\Users\robin\.vscode\extensions\redhat.java-0.70.0\server\plugins\org.eclipse.equinox.launcher_1.6.0.v20200915-1508.jar
Launcher Type: SUN_STANDARD

[Global flags]
    uintx AdaptiveSizePolicyWeight                 = 90                                        {product} {command line}
     intx CICompilerCount                          = 3                                         {product} {ergonomic}
    uintx GCTimeRatio                              = 4                                         {product} {command line}
   size_t InitialHeapSize                          = 104857600                                 {product} {command line}
   size_t MaxHeapSize                              = 1073741824                                {product} {command line}
   size_t MaxNewSize                               = 357564416                                 {product} {ergonomic}
   size_t MinHeapDeltaBytes                        = 524288                                    {product} {ergonomic}
   size_t MinHeapSize                              = 104857600                                 {product} {command line}
   size_t NewSize                                  = 34603008                                  {product} {ergonomic}
    uintx NonNMethodCodeHeapSize                   = 5832780                                {pd product} {ergonomic}
    uintx NonProfiledCodeHeapSize                  = 122912730                              {pd product} {ergonomic}
   size_t OldSize                                  = 70254592                                  {product} {ergonomic}
    uintx ProfiledCodeHeapSize                     = 122912730                              {pd product} {ergonomic}
    uintx ReservedCodeCacheSize                    = 251658240                              {pd product} {ergonomic}
     bool SegmentedCodeCache                       = true                                      {product} {ergonomic}
   size_t SoftMaxHeapSize                          = 1073741824                             {manageable} {ergonomic}
     bool UseCompressedClassPointers               = true                                 {lp64_product} {ergonomic}
     bool UseCompressedOops                        = true                                 {lp64_product} {ergonomic}
     bool UseLargePagesIndividualAllocation        = false                                  {pd product} {ergonomic}
     bool UseParallelGC                            = true                                      {product} {command line}

Logging:
Log output configuration:
 #0: stdout all=warning uptime,level,tags
 #1: stderr all=off uptime,level,tags

Environment Variables:
PATH=C:\Program Files\AdoptOpenJDK\jdk-14.0.2.12-hotspot\bin;C:\Windows\system32;C:\Windows;C:\Windows\System32\Wbem;C:\Windows\System32\WindowsPowerShell\v1.0\;C:\Windows\System32\OpenSSH\;C:\Users\robin\.dnx\bin;C:\Program Files\Microsoft DNX\Dnvm\;C:\Program Files\Microsoft SQL Server\130\Tools\Binn\;C:\Users\robin\AppData\Local\Programs\Python\Python38-32\Scripts\;C:\Users\robin\AppData\Local\Programs\Python\Python38-32\;C:\Users\robin\AppData\Local\Microsoft\WindowsApps;;C:\Users\robin\AppData\Local\Programs\Microsoft VS Code\bin
USERNAME=robin
OS=Windows_NT
PROCESSOR_IDENTIFIER=Intel64 Family 6 Model 58 Stepping 9, GenuineIntel



---------------  S Y S T E M  ---------------

OS: Windows 10 , 64 bit Build 19041 (10.0.19041.546)
OS uptime: 8 days 4:00 hours

CPU:total 4 (initial active 4) (2 cores per cpu, 2 threads per core) family 6 model 58 stepping 9, cmov, cx8, fxsr, mmx, sse, sse2, sse3, ssse3, sse4.1, sse4.2, popcnt, avx, clmul, erms, ht, tsc, tscinvbit, tscinv

Memory: 4k page, system-wide physical 3965M (294M free)
TotalPageFile size 16253M (AvailPageFile size 2M)
current process WorkingSet (physical memory assigned to process): 80M, peak: 80M
current process commit charge ("private bytes"): 197M, peak: 197M

vm_info: OpenJDK 64-Bit Server VM (14.0.2+12) for windows-amd64 JRE (14.0.2+12), built on Jul 15 2020 11:30:16 by "" with MS VC++ 15.9 (VS2017)

END.
