#
# There is insufficient memory for the Java Runtime Environment to continue.
# Native memory allocation (malloc) failed to allocate 32744 bytes for ChunkPool::allocate
# Possible reasons:
#   The system is out of physical RAM or swap space
#   The process is running with CompressedOops enabled, and the Java Heap may be blocking the growth of the native heap
# Possible solutions:
#   Reduce memory load on the system
#   Increase physical memory or swap space
#   Check if swap backing store is full
#   Decrease Java heap size (-Xmx/-Xms)
#   Decrease number of Java threads
#   Decrease Java thread stack sizes (-Xss)
#   Set larger code cache with -XX:ReservedCodeCacheSize=
#   JVM is running with Unscaled Compressed Oops mode in which the Java heap is
#     placed in the first 4GB address space. The Java Heap base address is the
#     maximum limit for the native heap growth. Please use -XX:HeapBaseMinAddress
#     to set the Java Heap base and to place the Java Heap above 4GB virtual address.
# This output file may be truncated or incomplete.
#
#  Out of Memory Error (./src/hotspot/share/memory/arena.cpp:79), pid=132628, tid=135048
#
# JRE version: OpenJDK Runtime Environment AdoptOpenJDK (14.0.2+12) (build 14.0.2+12)
# Java VM: OpenJDK 64-Bit Server VM AdoptOpenJDK (14.0.2+12, mixed mode, sharing, tiered, compressed oops, parallel gc, windows-amd64)
# No core dump will be written. Minidumps are not enabled by default on client versions of Windows
#

---------------  S U M M A R Y ------------

Command Line: --add-modules=ALL-SYSTEM --add-opens=java.base/java.util=ALL-UNNAMED --add-opens=java.base/java.lang=ALL-UNNAMED -Declipse.application=org.eclipse.jdt.ls.core.id1 -Dosgi.bundles.defaultStartLevel=4 -Declipse.product=org.eclipse.jdt.ls.core.product -Dfile.encoding=utf8 -DwatchParentProcess=false -XX:+UseParallelGC -XX:GCTimeRatio=4 -XX:AdaptiveSizePolicyWeight=90 -Dsun.zip.disableMemoryMapping=true -Xmx1G -Xms100m c:\Users\robin\.vscode\extensions\redhat.java-0.70.0\server\plugins\org.eclipse.equinox.launcher_1.6.0.v20200915-1508.jar -configuration c:\Users\robin\AppData\Roaming\Code\User\globalStorage\redhat.java\0.70.0\config_ss_win -data c:\Users\robin\AppData\Roaming\Code\User\workspaceStorage\b800300ba606232d804c8d21722b2d4c\redhat.java\ss_ws

Host: Intel(R) Core(TM) i3-3227U CPU @ 1.90GHz, 4 cores, 3G,  Windows 10 , 64 bit Build 19041 (10.0.19041.546)
Time: Tue Nov 10 22:54:50 2020 Hora estándar central (México) elapsed time: 1 seconds (0d 0h 0m 1s)

---------------  T H R E A D  ---------------

Current thread (0x00000268673c1000):  JavaThread "C2 CompilerThread0" daemon [_thread_in_native, id=135048, stack(0x000000892ad00000,0x000000892ae00000)]


Current CompileTask:
C2:   1338  502   !   4       java.util.jar.Attributes::read (530 bytes)

Stack: [0x000000892ad00000,0x000000892ae00000]
Native frames: (J=compiled Java code, j=interpreted, Vv=VM code, C=native code)
V  [jvm.dll+0x5fd67a]
V  [jvm.dll+0x79785a]
V  [jvm.dll+0x79900f]
V  [jvm.dll+0x799653]
V  [jvm.dll+0x20f108]
V  [jvm.dll+0xad1e6]
V  [jvm.dll+0xacfbd]
V  [jvm.dll+0x5dd2cb]
V  [jvm.dll+0x62858e]
V  [jvm.dll+0x18e5bc]
V  [jvm.dll+0x1e7cba]
V  [jvm.dll+0x1e6e78]
V  [jvm.dll+0x179d0c]
V  [jvm.dll+0x1f5f55]
V  [jvm.dll+0x1f413b]
V  [jvm.dll+0x75c3ad]
V  [jvm.dll+0x7551ba]
V  [jvm.dll+0x5fc4d6]
C  [ucrtbase.dll+0x214c2]
C  [KERNEL32.DLL+0x17034]
C  [ntdll.dll+0x4cec1]


---------------  P R O C E S S  ---------------

Threads class SMR info:
_java_thread_list=0x00000268686a79f0, length=11, elements={
0x000002684ae8d000, 0x000002684d098800, 0x000002684d09a000, 0x00000268673b9800,
0x00000268673ba800, 0x00000268673bb800, 0x00000268673c1000, 0x00000268673c4000,
0x00000268673e9800, 0x000002684d05b000, 0x000002686869e800
}

Java Threads: ( => current thread )
  0x000002684ae8d000 JavaThread "main" [_thread_in_vm, id=135104, stack(0x000000892a500000,0x000000892a600000)]
  0x000002684d098800 JavaThread "Reference Handler" daemon [_thread_blocked, id=135044, stack(0x000000892a800000,0x000000892a900000)]
  0x000002684d09a000 JavaThread "Finalizer" daemon [_thread_blocked, id=125676, stack(0x000000892a900000,0x000000892aa00000)]
  0x00000268673b9800 JavaThread "Signal Dispatcher" daemon [_thread_blocked, id=135032, stack(0x000000892aa00000,0x000000892ab00000)]
  0x00000268673ba800 JavaThread "Attach Listener" daemon [_thread_blocked, id=135024, stack(0x000000892ab00000,0x000000892ac00000)]
  0x00000268673bb800 JavaThread "Service Thread" daemon [_thread_blocked, id=132192, stack(0x000000892ac00000,0x000000892ad00000)]
=>0x00000268673c1000 JavaThread "C2 CompilerThread0" daemon [_thread_in_native, id=135048, stack(0x000000892ad00000,0x000000892ae00000)]
  0x00000268673c4000 JavaThread "C1 CompilerThread0" daemon [_thread_blocked, id=132396, stack(0x000000892ae00000,0x000000892af00000)]
  0x00000268673e9800 JavaThread "Sweeper thread" daemon [_thread_blocked, id=128464, stack(0x000000892af00000,0x000000892b000000)]
  0x000002684d05b000 JavaThread "Common-Cleaner" daemon [_thread_blocked, id=133140, stack(0x000000892b000000,0x000000892b100000)]
  0x000002686869e800 JavaThread "Notification Thread" daemon [_thread_blocked, id=133612, stack(0x000000892b100000,0x000000892b200000)]

Other Threads:
  0x000002686739f800 VMThread "VM Thread" [stack: 0x000000892a700000,0x000000892a800000] [id=134612]
  0x000002686869f000 WatcherThread [stack: 0x000000892b200000,0x000000892b300000] [id=133632]
  0x000002684cfd5800 GCTaskThread "GC Thread#0" [stack: 0x000000892a600000,0x000000892a700000] [id=135040]

Threads with active compile tasks:
C2 CompilerThread0     1382  502   !   4       java.util.jar.Attributes::read (530 bytes)

VM state:not at safepoint (normal execution)

VM Mutex/Monitor currently owned by a thread: None

Heap address: 0x00000000c0000000, size: 1024 MB, Compressed Oops mode: 32-bit
Narrow klass base: 0x0000000800000000, Narrow klass shift: 3
Compressed class space size: 1073741824 Address: 0x0000000800b30000

Heap:
 PSYoungGen      total 29696K, used 8056K [0x00000000eab00000, 0x00000000ecc00000, 0x0000000100000000)
  eden space 25600K, 31% used [0x00000000eab00000,0x00000000eb2de1b8,0x00000000ec400000)
  from space 4096K, 0% used [0x00000000ec800000,0x00000000ec800000,0x00000000ecc00000)
  to   space 4096K, 0% used [0x00000000ec400000,0x00000000ec400000,0x00000000ec800000)
 ParOldGen       total 68608K, used 0K [0x00000000c0000000, 0x00000000c4300000, 0x00000000eab00000)
  object space 68608K, 0% used [0x00000000c0000000,0x00000000c0000000,0x00000000c4300000)
 Metaspace       used 2897K, capacity 4868K, committed 5120K, reserved 1056768K
  class space    used 274K, capacity 457K, committed 512K, reserved 1048576K

Card table byte_map: [0x000002684c9a0000,0x000002684cbb0000] _byte_map_base: 0x000002684c3a0000

Marking Bits: (ParMarkBitMap*) 0x00007ff9fec9a750
 Begin Bits: [0x0000026864a40000, 0x0000026865a40000)
 End Bits:   [0x0000026865a40000, 0x0000026866a40000)

Polling page: 0x000002684afe0000

Metaspace:

Usage:
  Non-class:      4.31 MB capacity,     2.56 MB ( 59%) used,     1.74 MB ( 40%) free+waste,     3.44 KB ( <1%) overhead. 
      Class:    457.00 KB capacity,   274.53 KB ( 60%) used,   180.22 KB ( 39%) free+waste,     2.25 KB ( <1%) overhead. 
       Both:      4.75 MB capacity,     2.83 MB ( 60%) used,     1.92 MB ( 40%) free+waste,     5.69 KB ( <1%) overhead. 

Virtual space:
  Non-class space:        8.00 MB reserved,       4.50 MB ( 56%) committed 
      Class space:        1.00 GB reserved,     512.00 KB ( <1%) committed 
             Both:        1.01 GB reserved,       5.00 MB ( <1%) committed 

Chunk freelists:
   Non-Class:  5.00 KB
       Class:  23.00 KB
        Both:  28.00 KB

MaxMetaspaceSize: 17179869184.00 GB
CompressedClassSpaceSize: 1.00 GB

CodeHeap 'non-profiled nmethods': size=120000Kb used=159Kb max_used=159Kb free=119840Kb
 bounds [0x000002685d510000, 0x000002685d780000, 0x0000026864a40000]
CodeHeap 'profiled nmethods': size=120000Kb used=860Kb max_used=860Kb free=119139Kb
 bounds [0x0000026855fe0000, 0x0000026856250000, 0x000002685d510000]
CodeHeap 'non-nmethods': size=5760Kb used=1128Kb max_used=1144Kb free=4631Kb
 bounds [0x0000026855a40000, 0x0000026855cb0000, 0x0000026855fe0000]
 total_blobs=915 nmethods=537 adapters=293
 compilation: enabled
              stopped_count=0, restarted_count=0
 full_count=0

Compilation events (20 events):
Event: 1.295 Thread 0x00000268673c4000  525       3       java.util.Hashtable::addEntry (87 bytes)
Event: 1.296 Thread 0x00000268673c4000 nmethod 525 0x00000268560af710 code [0x00000268560af900, 0x00000268560aff78]
Event: 1.296 Thread 0x00000268673c4000  524       3       java.util.ArrayList::elementData (7 bytes)
Event: 1.296 Thread 0x00000268673c4000 nmethod 524 0x00000268560b0210 code [0x00000268560b03a0, 0x00000268560b04f8]
Event: 1.296 Thread 0x00000268673c4000  527       3       sun.security.util.SignatureFileVerifier::updateSigners (132 bytes)
Event: 1.298 Thread 0x00000268673c4000 nmethod 527 0x00000268560b0610 code [0x00000268560b08c0, 0x00000268560b18d8]
Event: 1.298 Thread 0x00000268673c4000  528       3       sun.security.util.SignatureFileVerifier::matches (93 bytes)
Event: 1.300 Thread 0x00000268673c4000 nmethod 528 0x00000268560b1f10 code [0x00000268560b21a0, 0x00000268560b3098]
Event: 1.309 Thread 0x00000268673c4000  529       3       java.lang.String::replace (42 bytes)
Event: 1.310 Thread 0x00000268673c4000 nmethod 529 0x00000268560b3690 code [0x00000268560b3860, 0x00000268560b3b98]
Event: 1.312 Thread 0x00000268673c4000  530       3       jdk.internal.reflect.ClassFileAssembler::emitByte (11 bytes)
Event: 1.313 Thread 0x00000268673c4000 nmethod 530 0x00000268560b3c90 code [0x00000268560b3e40, 0x00000268560b3fe8]
Event: 1.313 Thread 0x00000268673c4000  531       3       jdk.internal.reflect.ByteVectorImpl::add (38 bytes)
Event: 1.313 Thread 0x00000268673c4000 nmethod 531 0x00000268560b4110 code [0x00000268560b42c0, 0x00000268560b44a8]
Event: 1.323 Thread 0x00000268673c4000  532       3       java.lang.StringConcatHelper::newArray (26 bytes)
Event: 1.324 Thread 0x00000268673c4000 nmethod 532 0x00000268560b4610 code [0x00000268560b47c0, 0x00000268560b4a08]
Event: 1.324 Thread 0x00000268673c4000  533       3       jdk.internal.misc.Unsafe::allocateUninitializedArray (55 bytes)
Event: 1.324 Thread 0x00000268673c4000 nmethod 533 0x00000268560b4b10 code [0x00000268560b4d00, 0x00000268560b51b8]
Event: 1.325 Thread 0x00000268673c4000  534       1       java.security.Provider$Service::getProvider (5 bytes)
Event: 1.325 Thread 0x00000268673c4000 nmethod 534 0x000002685d536e10 code [0x000002685d536fa0, 0x000002685d537078]

GC Heap History (0 events):
No events

Deoptimization events (20 events):
Event: 1.288 Thread 0x000002684ae8d000 DEOPT PACKING pc=0x00000268560708dd sp=0x000000892a5fe7f0
Event: 1.288 Thread 0x000002684ae8d000 DEOPT UNPACKING pc=0x0000026855a8964e sp=0x000000892a5fdca8 mode 0
Event: 1.299 Thread 0x000002684ae8d000 DEOPT PACKING pc=0x00000268560708dd sp=0x000000892a5feb40
Event: 1.299 Thread 0x000002684ae8d000 DEOPT UNPACKING pc=0x0000026855a8964e sp=0x000000892a5fdff8 mode 0
Event: 1.300 Thread 0x000002684ae8d000 DEOPT PACKING pc=0x00000268560708dd sp=0x000000892a5feb40
Event: 1.300 Thread 0x000002684ae8d000 DEOPT UNPACKING pc=0x0000026855a8964e sp=0x000000892a5fdff8 mode 0
Event: 1.300 Thread 0x000002684ae8d000 DEOPT PACKING pc=0x00000268560706a8 sp=0x000000892a5feb40
Event: 1.300 Thread 0x000002684ae8d000 DEOPT UNPACKING pc=0x0000026855a8964e sp=0x000000892a5fdff8 mode 0
Event: 1.301 Thread 0x000002684ae8d000 DEOPT PACKING pc=0x00000268560706a8 sp=0x000000892a5feb40
Event: 1.301 Thread 0x000002684ae8d000 DEOPT UNPACKING pc=0x0000026855a8964e sp=0x000000892a5fdff8 mode 0
Event: 1.302 Thread 0x000002684ae8d000 DEOPT PACKING pc=0x00000268560706a8 sp=0x000000892a5feb40
Event: 1.302 Thread 0x000002684ae8d000 DEOPT UNPACKING pc=0x0000026855a8964e sp=0x000000892a5fdff8 mode 0
Event: 1.303 Thread 0x000002684ae8d000 DEOPT PACKING pc=0x00000268560708dd sp=0x000000892a5feb40
Event: 1.303 Thread 0x000002684ae8d000 DEOPT UNPACKING pc=0x0000026855a8964e sp=0x000000892a5fdff8 mode 0
Event: 1.303 Thread 0x000002684ae8d000 DEOPT PACKING pc=0x00000268560708dd sp=0x000000892a5feb40
Event: 1.303 Thread 0x000002684ae8d000 DEOPT UNPACKING pc=0x0000026855a8964e sp=0x000000892a5fdff8 mode 0
Event: 1.304 Thread 0x000002684ae8d000 DEOPT PACKING pc=0x00000268560708dd sp=0x000000892a5feb40
Event: 1.304 Thread 0x000002684ae8d000 DEOPT UNPACKING pc=0x0000026855a8964e sp=0x000000892a5fdff8 mode 0
Event: 1.318 Thread 0x000002684ae8d000 DEOPT PACKING pc=0x00000268560708dd sp=0x000000892a5f9f50
Event: 1.319 Thread 0x000002684ae8d000 DEOPT UNPACKING pc=0x0000026855a8964e sp=0x000000892a5f9408 mode 0

Classes unloaded (0 events):
No events

Classes redefined (0 events):
No events

Internal exceptions (6 events):
Event: 0.958 Thread 0x000002684ae8d000 Exception <a 'java/lang/ClassNotFoundException'{0x00000000eaefb508}: sun/net/www/protocol/c/Handler> (0x00000000eaefb508) 
thrown [./src/hotspot/share/classfile/systemDictionary.cpp, line 226]
Event: 0.976 Thread 0x000002684ae8d000 Exception <a 'java/io/FileNotFoundException'{0x00000000eaf0a918}> (0x00000000eaf0a918) 
thrown [./src/hotspot/share/prims/jni.cpp, line 599]
Event: 0.977 Thread 0x000002684ae8d000 Exception <a 'java/io/FileNotFoundException'{0x00000000eaf0b5f8}> (0x00000000eaf0b5f8) 
thrown [./src/hotspot/share/prims/jni.cpp, line 599]
Event: 0.991 Thread 0x000002684ae8d000 Exception <a 'java/io/FileNotFoundException'{0x00000000eaf0c2b0}> (0x00000000eaf0c2b0) 
thrown [./src/hotspot/share/prims/jni.cpp, line 599]
Event: 0.993 Thread 0x000002684ae8d000 Exception <a 'java/io/FileNotFoundException'{0x00000000eaf0cf40}> (0x00000000eaf0cf40) 
thrown [./src/hotspot/share/prims/jni.cpp, line 599]
Event: 1.027 Thread 0x000002684ae8d000 Exception <a 'java/io/FileNotFoundException'{0x00000000eaf29230}> (0x00000000eaf29230) 
thrown [./src/hotspot/share/prims/jni.cpp, line 599]

Events (20 events):
Event: 1.311 loading class jdk/internal/reflect/ByteVector done
Event: 1.311 loading class jdk/internal/reflect/ByteVectorImpl done
Event: 1.311 loading class jdk/internal/reflect/ClassFileAssembler
Event: 1.311 loading class jdk/internal/reflect/ClassFileAssembler done
Event: 1.312 loading class jdk/internal/reflect/UTF8
Event: 1.312 loading class jdk/internal/reflect/UTF8 done
Event: 1.314 loading class jdk/internal/reflect/Label
Event: 1.314 loading class jdk/internal/reflect/Label done
Event: 1.314 loading class jdk/internal/reflect/Label$PatchInfo
Event: 1.314 loading class jdk/internal/reflect/Label$PatchInfo done
Event: 1.314 loading class jdk/internal/reflect/MethodAccessorGenerator$1
Event: 1.315 loading class jdk/internal/reflect/MethodAccessorGenerator$1 done
Event: 1.315 loading class jdk/internal/reflect/ClassDefiner
Event: 1.315 loading class jdk/internal/reflect/ClassDefiner done
Event: 1.315 loading class jdk/internal/reflect/ClassDefiner$1
Event: 1.315 loading class jdk/internal/reflect/ClassDefiner$1 done
Event: 1.318 loading class jdk/internal/reflect/BootstrapConstructorAccessorImpl
Event: 1.318 loading class jdk/internal/reflect/BootstrapConstructorAccessorImpl done
Event: 1.324 loading class java/util/EventListener
Event: 1.324 loading class java/util/EventListener done


Dynamic libraries:
0x00007ff681880000 - 0x00007ff68188d000 	C:\Program Files\AdoptOpenJDK\jdk-14.0.2.12-hotspot\bin\java.exe
0x00007ffa4fa90000 - 0x00007ffa4fc86000 	C:\Windows\SYSTEM32\ntdll.dll
0x00007ffa4eb50000 - 0x00007ffa4ec0d000 	C:\Windows\System32\KERNEL32.DLL
0x00007ffa4d830000 - 0x00007ffa4daf8000 	C:\Windows\System32\KERNELBASE.dll
0x00007ffa4d730000 - 0x00007ffa4d830000 	C:\Windows\System32\ucrtbase.dll
0x00007ffa3d440000 - 0x00007ffa3d458000 	C:\Program Files\AdoptOpenJDK\jdk-14.0.2.12-hotspot\bin\jli.dll
0x00007ffa23d20000 - 0x00007ffa23d35000 	C:\Program Files\AdoptOpenJDK\jdk-14.0.2.12-hotspot\bin\VCRUNTIME140.dll
0x00007ffa4ec80000 - 0x00007ffa4ee20000 	C:\Windows\System32\USER32.dll
0x00007ffa3ddf0000 - 0x00007ffa3e08b000 	C:\Windows\WinSxS\amd64_microsoft.windows.common-controls_6595b64144ccf1df_6.0.19041.488_none_ca04af081b815d21\COMCTL32.dll
0x00007ffa4f470000 - 0x00007ffa4f50e000 	C:\Windows\System32\msvcrt.dll
0x00007ffa4d700000 - 0x00007ffa4d722000 	C:\Windows\System32\win32u.dll
0x00007ffa4f6b0000 - 0x00007ffa4f6da000 	C:\Windows\System32\GDI32.dll
0x00007ffa4d440000 - 0x00007ffa4d549000 	C:\Windows\System32\gdi32full.dll
0x00007ffa4d630000 - 0x00007ffa4d6cd000 	C:\Windows\System32\msvcp_win.dll
0x00007ffa4e070000 - 0x00007ffa4e0a0000 	C:\Windows\System32\IMM32.DLL
0x00007ffa1c7d0000 - 0x00007ffa1c86b000 	C:\Program Files\AdoptOpenJDK\jdk-14.0.2.12-hotspot\bin\msvcp140.dll
0x00007ff9fe1d0000 - 0x00007ff9fed64000 	C:\Program Files\AdoptOpenJDK\jdk-14.0.2.12-hotspot\bin\server\jvm.dll
0x00007ffa4f6e0000 - 0x00007ffa4f78a000 	C:\Windows\System32\ADVAPI32.dll
0x00007ffa4e990000 - 0x00007ffa4ea2b000 	C:\Windows\System32\sechost.dll
0x00007ffa4f520000 - 0x00007ffa4f644000 	C:\Windows\System32\RPCRT4.dll
0x00007ffa4f790000 - 0x00007ffa4f798000 	C:\Windows\System32\PSAPI.DLL
0x00007ffa359a0000 - 0x00007ffa359a9000 	C:\Windows\SYSTEM32\WSOCK32.dll
0x00007ffa3e690000 - 0x00007ffa3e6b7000 	C:\Windows\SYSTEM32\WINMM.dll
0x00007ffa4f950000 - 0x00007ffa4f9bb000 	C:\Windows\System32\WS2_32.dll
0x00007ffa41890000 - 0x00007ffa4189a000 	C:\Windows\SYSTEM32\VERSION.dll
0x00007ffa4bac0000 - 0x00007ffa4bad2000 	C:\Windows\SYSTEM32\kernel.appcore.dll
0x00007ffa44a40000 - 0x00007ffa44a4a000 	C:\Program Files\AdoptOpenJDK\jdk-14.0.2.12-hotspot\bin\jimage.dll
0x00007ffa35720000 - 0x00007ffa35904000 	C:\Windows\SYSTEM32\DBGHELP.DLL
0x00007ffa356f0000 - 0x00007ffa3571c000 	C:\Windows\SYSTEM32\dbgcore.DLL
0x00007ffa4d5b0000 - 0x00007ffa4d62f000 	C:\Windows\System32\bcryptPrimitives.dll
0x00007ffa21f30000 - 0x00007ffa21f55000 	C:\Program Files\AdoptOpenJDK\jdk-14.0.2.12-hotspot\bin\java.dll
0x00007ffa1f4c0000 - 0x00007ffa1f4d6000 	C:\Program Files\AdoptOpenJDK\jdk-14.0.2.12-hotspot\bin\zip.dll
0x00007ffa4e1d0000 - 0x00007ffa4e910000 	C:\Windows\System32\SHELL32.dll
0x00007ffa4b310000 - 0x00007ffa4baa4000 	C:\Windows\SYSTEM32\windows.storage.dll
0x00007ffa4db00000 - 0x00007ffa4de55000 	C:\Windows\System32\combase.dll
0x00007ffa4cb80000 - 0x00007ffa4cbac000 	C:\Windows\SYSTEM32\Wldp.dll
0x00007ffa4dfc0000 - 0x00007ffa4e06e000 	C:\Windows\System32\SHCORE.dll
0x00007ffa4df60000 - 0x00007ffa4dfb5000 	C:\Windows\System32\shlwapi.dll
0x00007ffa4d110000 - 0x00007ffa4d136000 	C:\Windows\SYSTEM32\profapi.dll
0x00007ffa1e6a0000 - 0x00007ffa1e6b9000 	C:\Program Files\AdoptOpenJDK\jdk-14.0.2.12-hotspot\bin\net.dll
0x00007ffa3d7e0000 - 0x00007ffa3d8e0000 	C:\Windows\SYSTEM32\WINHTTP.dll
0x00007ffa4c900000 - 0x00007ffa4c96a000 	C:\Windows\system32\mswsock.dll
0x00007ffa1e1c0000 - 0x00007ffa1e1d2000 	C:\Program Files\AdoptOpenJDK\jdk-14.0.2.12-hotspot\bin\nio.dll

dbghelp: loaded successfully - version: 4.0.5 - missing functions: none
symbol engine: initialized successfully - sym options: 0x614 - pdb path: .;C:\Program Files\AdoptOpenJDK\jdk-14.0.2.12-hotspot\bin;C:\Windows\SYSTEM32;C:\Windows\WinSxS\amd64_microsoft.windows.common-controls_6595b64144ccf1df_6.0.19041.488_none_ca04af081b815d21;C:\Program Files\AdoptOpenJDK\jdk-14.0.2.12-hotspot\bin\server

VM Arguments:
jvm_args: --add-modules=ALL-SYSTEM --add-opens=java.base/java.util=ALL-UNNAMED --add-opens=java.base/java.lang=ALL-UNNAMED -Declipse.application=org.eclipse.jdt.ls.core.id1 -Dosgi.bundles.defaultStartLevel=4 -Declipse.product=org.eclipse.jdt.ls.core.product -Dfile.encoding=utf8 -DwatchParentProcess=false -XX:+UseParallelGC -XX:GCTimeRatio=4 -XX:AdaptiveSizePolicyWeight=90 -Dsun.zip.disableMemoryMapping=true -Xmx1G -Xms100m 
java_command: c:\Users\robin\.vscode\extensions\redhat.java-0.70.0\server\plugins\org.eclipse.equinox.launcher_1.6.0.v20200915-1508.jar -configuration c:\Users\robin\AppData\Roaming\Code\User\globalStorage\redhat.java\0.70.0\config_ss_win -data c:\Users\robin\AppData\Roaming\Code\User\workspaceStorage\b800300ba606232d804c8d21722b2d4c\redhat.java\ss_ws
java_class_path (initial): c:\Users\robin\.vscode\extensions\redhat.java-0.70.0\server\plugins\org.eclipse.equinox.launcher_1.6.0.v20200915-1508.jar
Launcher Type: SUN_STANDARD

[Global flags]
    uintx AdaptiveSizePolicyWeight                 = 90                                        {product} {command line}
     intx CICompilerCount                          = 3                                         {product} {ergonomic}
    uintx GCTimeRatio                              = 4                                         {product} {command line}
   size_t InitialHeapSize                          = 104857600                                 {product} {command line}
   size_t MaxHeapSize                              = 1073741824                                {product} {command line}
   size_t MaxNewSize                               = 357564416                                 {product} {ergonomic}
   size_t MinHeapDeltaBytes                        = 524288                                    {product} {ergonomic}
   size_t MinHeapSize                              = 104857600                                 {product} {command line}
   size_t NewSize                                  = 34603008                                  {product} {ergonomic}
    uintx NonNMethodCodeHeapSize                   = 5832780                                {pd product} {ergonomic}
    uintx NonProfiledCodeHeapSize                  = 122912730                              {pd product} {ergonomic}
   size_t OldSize                                  = 70254592                                  {product} {ergonomic}
    uintx ProfiledCodeHeapSize                     = 122912730                              {pd product} {ergonomic}
    uintx ReservedCodeCacheSize                    = 251658240                              {pd product} {ergonomic}
     bool SegmentedCodeCache                       = true                                      {product} {ergonomic}
   size_t SoftMaxHeapSize                          = 1073741824                             {manageable} {ergonomic}
     bool UseCompressedClassPointers               = true                                 {lp64_product} {ergonomic}
     bool UseCompressedOops                        = true                                 {lp64_product} {ergonomic}
     bool UseLargePagesIndividualAllocation        = false                                  {pd product} {ergonomic}
     bool UseParallelGC                            = true                                      {product} {command line}

Logging:
Log output configuration:
 #0: stdout all=warning uptime,level,tags
 #1: stderr all=off uptime,level,tags

Environment Variables:
PATH=C:\Program Files\AdoptOpenJDK\jdk-14.0.2.12-hotspot\bin;C:\Windows\system32;C:\Windows;C:\Windows\System32\Wbem;C:\Windows\System32\WindowsPowerShell\v1.0\;C:\Windows\System32\OpenSSH\;C:\Users\robin\.dnx\bin;C:\Program Files\Microsoft DNX\Dnvm\;C:\Program Files\Microsoft SQL Server\130\Tools\Binn\;C:\Users\robin\AppData\Local\Programs\Python\Python38-32\Scripts\;C:\Users\robin\AppData\Local\Programs\Python\Python38-32\;C:\Users\robin\AppData\Local\Microsoft\WindowsApps;;C:\Users\robin\AppData\Local\Programs\Microsoft VS Code\bin
USERNAME=robin
OS=Windows_NT
PROCESSOR_IDENTIFIER=Intel64 Family 6 Model 58 Stepping 9, GenuineIntel



---------------  S Y S T E M  ---------------

OS: Windows 10 , 64 bit Build 19041 (10.0.19041.546)
OS uptime: 8 days 4:00 hours

CPU:total 4 (initial active 4) (2 cores per cpu, 2 threads per core) family 6 model 58 stepping 9, cmov, cx8, fxsr, mmx, sse, sse2, sse3, ssse3, sse4.1, sse4.2, popcnt, avx, clmul, erms, ht, tsc, tscinvbit, tscinv

Memory: 4k page, system-wide physical 3965M (305M free)
TotalPageFile size 16253M (AvailPageFile size 0M)
current process WorkingSet (physical memory assigned to process): 45M, peak: 45M
current process commit charge ("private bytes"): 186M, peak: 186M

vm_info: OpenJDK 64-Bit Server VM (14.0.2+12) for windows-amd64 JRE (14.0.2+12), built on Jul 15 2020 11:30:16 by "" with MS VC++ 15.9 (VS2017)

END.
